Token exchange failed, using external token: 'access_token'
[info] bizdates: 20260330 .. 20260420 (22 days)
[info] 20260330: running query...
[info] 20260330: fetching arrow table...
[info] 20260330: rows=9222 cols=22 (1.7s)
[done] 20260330: wrote /scratch/azureml/cr/j/157a7e32c84446a7b99f8aa8ff618911/exe/wd/amlSettings/data_v8/v8_grounded_20260330.parquet  size=60.17 MB
[info] 20260331: running query...
[info] 20260331: fetching arrow table...
[info] 20260331: rows=9025 cols=22 (1.2s)
[done] 20260331: wrote /scratch/azureml/cr/j/157a7e32c84446a7b99f8aa8ff618911/exe/wd/amlSettings/data_v8/v8_grounded_20260331.parquet  size=58.88 MB
[info] 20260401: running query...
[info] 20260401: fetching arrow table...
[info] 20260401: rows=9406 cols=22 (1.2s)
[done] 20260401: wrote /scratch/azureml/cr/j/157a7e32c84446a7b99f8aa8ff618911/exe/wd/amlSettings/data_v8/v8_grounded_20260401.parquet  size=61.26 MB
[info] 20260402: running query...
[info] 20260402: fetching arrow table...
[info] 20260402: rows=8868 cols=22 (1.1s)
[done] 20260402: wrote /scratch/azureml/cr/j/157a7e32c84446a7b99f8aa8ff618911/exe/wd/amlSettings/data_v8/v8_grounded_20260402.parquet  size=58.74 MB
[info] 20260403: running query...
[info] 20260403: fetching arrow table...
[info] 20260403: rows=9037 cols=22 (1.1s)
[done] 20260403: wrote /scratch/azureml/cr/j/157a7e32c84446a7b99f8aa8ff618911/exe/wd/amlSettings/data_v8/v8_grounded_20260403.parquet  size=60.14 MB
[info] 20260404: running query...
[info] 20260404: fetching arrow table...
[info] 20260404: rows=7467 cols=22 (1.2s)
[done] 20260404: wrote /scratch/azureml/cr/j/157a7e32c84446a7b99f8aa8ff618911/exe/wd/amlSettings/data_v8/v8_grounded_20260404.parquet  size=51.00 MB
[info] 20260405: running query...
[info] 20260405: fetching arrow table...
[info] 20260405: rows=7395 cols=22 (0.9s)
[done] 20260405: wrote /scratch/azureml/cr/j/157a7e32c84446a7b99f8aa8ff618911/exe/wd/amlSettings/data_v8/v8_grounded_20260405.parquet  size=49.61 MB
[info] 20260406: running query...
[info] 20260406: fetching arrow table...
[info] 20260406: rows=8392 cols=22 (1.1s)
[done] 20260406: wrote /scratch/azureml/cr/j/157a7e32c84446a7b99f8aa8ff618911/exe/wd/amlSettings/data_v8/v8_grounded_20260406.parquet  size=57.26 MB
[info] 20260407: running query...
[info] 20260407: fetching arrow table...
[info] 20260407: rows=7912 cols=22 (1.1s)
[done] 20260407: wrote /scratch/azureml/cr/j/157a7e32c84446a7b99f8aa8ff618911/exe/wd/amlSettings/data_v8/v8_grounded_20260407.parquet  size=53.35 MB
[info] 20260408: running query...
[info] 20260408: fetching arrow table...
[info] 20260408: rows=9084 cols=22 (1.1s)
[done] 20260408: wrote /scratch/azureml/cr/j/157a7e32c84446a7b99f8aa8ff618911/exe/wd/amlSettings/data_v8/v8_grounded_20260408.parquet  size=62.33 MB
[info] 20260409: running query...
[info] 20260409: fetching arrow table...
[info] 20260409: rows=9397 cols=22 (1.0s)
[done] 20260409: wrote /scratch/azureml/cr/j/157a7e32c84446a7b99f8aa8ff618911/exe/wd/amlSettings/data_v8/v8_grounded_20260409.parquet  size=67.51 MB
[info] 20260410: running query...
[info] 20260410: fetching arrow table...
[info] 20260410: rows=9197 cols=22 (1.0s)
[done] 20260410: wrote /scratch/azureml/cr/j/157a7e32c84446a7b99f8aa8ff618911/exe/wd/amlSettings/data_v8/v8_grounded_20260410.parquet  size=66.29 MB
[info] 20260411: running query...
[info] 20260411: fetching arrow table...
[info] 20260411: rows=9968 cols=22 (1.0s)
[done] 20260411: wrote /scratch/azureml/cr/j/157a7e32c84446a7b99f8aa8ff618911/exe/wd/amlSettings/data_v8/v8_grounded_20260411.parquet  size=74.42 MB
[info] 20260412: running query...
[info] 20260412: fetching arrow table...
[info] 20260412: rows=10640 cols=22 (1.1s)
[done] 20260412: wrote /scratch/azureml/cr/j/157a7e32c84446a7b99f8aa8ff618911/exe/wd/amlSettings/data_v8/v8_grounded_20260412.parquet  size=80.05 MB
[info] 20260413: running query...
[info] 20260413: fetching arrow table...
[info] 20260413: rows=10394 cols=22 (1.0s)
[done] 20260413: wrote /scratch/azureml/cr/j/157a7e32c84446a7b99f8aa8ff618911/exe/wd/amlSettings/data_v8/v8_grounded_20260413.parquet  size=71.50 MB
[info] 20260414: running query...
[info] 20260414: fetching arrow table...
[info] 20260414: rows=11645 cols=22 (1.2s)
[done] 20260414: wrote /scratch/azureml/cr/j/157a7e32c84446a7b99f8aa8ff618911/exe/wd/amlSettings/data_v8/v8_grounded_20260414.parquet  size=85.99 MB
[info] 20260415: running query...
[info] 20260415: fetching arrow table...
[info] 20260415: rows=11296 cols=22 (1.3s)
[done] 20260415: wrote /scratch/azureml/cr/j/157a7e32c84446a7b99f8aa8ff618911/exe/wd/amlSettings/data_v8/v8_grounded_20260415.parquet  size=82.33 MB
[info] 20260416: running query...
[info] 20260416: fetching arrow table...
[info] 20260416: rows=7541 cols=22 (0.9s)
[done] 20260416: wrote /scratch/azureml/cr/j/157a7e32c84446a7b99f8aa8ff618911/exe/wd/amlSettings/data_v8/v8_grounded_20260416.parquet  size=52.16 MB
[info] 20260417: running query...
[info] 20260417: fetching arrow table...
[info] 20260417: rows=9181 cols=22 (1.0s)
[done] 20260417: wrote /scratch/azureml/cr/j/157a7e32c84446a7b99f8aa8ff618911/exe/wd/amlSettings/data_v8/v8_grounded_20260417.parquet  size=73.69 MB
[info] 20260418: running query...
[info] 20260418: fetching arrow table...
[info] 20260418: rows=7932 cols=22 (1.1s)
[done] 20260418: wrote /scratch/azureml/cr/j/157a7e32c84446a7b99f8aa8ff618911/exe/wd/amlSettings/data_v8/v8_grounded_20260418.parquet  size=59.25 MB
[info] 20260419: running query...
[info] 20260419: fetching arrow table...
[info] 20260419: rows=9360 cols=22 (0.9s)
[done] 20260419: wrote /scratch/azureml/cr/j/157a7e32c84446a7b99f8aa8ff618911/exe/wd/amlSettings/data_v8/v8_grounded_20260419.parquet  size=67.92 MB
[info] 20260420: running query...
[info] 20260420: fetching arrow table...
[info] 20260420: rows=9270 cols=22 (1.1s)
[done] 20260420: wrote /scratch/azureml/cr/j/157a7e32c84446a7b99f8aa8ff618911/exe/wd/amlSettings/data_v8/v8_grounded_20260420.parquet  size=66.49 MB
[all done]
